<?xml version="1.0" encoding="UTF-8"?>
<!-- Generated by org.testng.reporters.JUnitReportReporter -->
<testsuite hostname="DESKTOP-3CCKGNL" failures="0" tests="2" name="tests.TestAboutUsAndLogin" time="9.370" errors="0" timestamp="03 jun 2021 22:09:20 GMT" skipped="0">
  <testcase classname="tests.TestAboutUsAndLogin" name="testAboutUs" time="5.314"/>
  <testcase classname="tests.TestAboutUsAndLogin" name="testHomePage" time="4.056"/>
</testsuite> <!-- tests.TestAboutUsAndLogin -->
