<?xml version="1.0" encoding="UTF-8"?>
<!-- Generated by org.testng.reporters.JUnitReportReporter -->
<testsuite hostname="DESKTOP-3CCKGNL" failures="0" tests="2" name="tests.TestAboutUsAndLogin" time="11.649" errors="0" timestamp="04 jun 2021 20:50:30 GMT" skipped="0">
  <testcase classname="tests.TestAboutUsAndLogin" name="testAboutUs" time="6.634"/>
  <testcase classname="tests.TestAboutUsAndLogin" name="testHomePage" time="5.015"/>
</testsuite> <!-- tests.TestAboutUsAndLogin -->
