<?xml version="1.0" encoding="UTF-8"?>
<!-- Generated by org.testng.reporters.JUnitReportReporter -->
<testsuite hostname="DESKTOP-3CCKGNL" failures="0" tests="2" name="tests.TestLanguageAndNotifications" time="12.948" errors="0" timestamp="08 jun 2021 16:39:44 GMT" skipped="0">
  <testcase classname="tests.TestLanguageAndNotifications" name="testChangeLanguage" time="10.904"/>
  <testcase classname="tests.TestLanguageAndNotifications" name="uncheckNotifications" time="2.044"/>
</testsuite> <!-- tests.TestLanguageAndNotifications -->
