<?xml version="1.0" encoding="UTF-8"?>
<!-- Generated by org.testng.reporters.JUnitReportReporter -->
<testsuite hostname="DESKTOP-3CCKGNL" failures="0" tests="1" name="tests.TestAddStaffAndRename" time="21.312" errors="0" timestamp="08 jun 2021 17:28:15 GMT" skipped="0">
  <testcase classname="tests.TestAddStaffAndRename" name="testAddStaffAndRename" time="21.312"/>
</testsuite> <!-- tests.TestAddStaffAndRename -->
