<?xml version="1.0" encoding="UTF-8"?>
<!-- Generated by org.testng.reporters.JUnitReportReporter -->
<testsuite hostname="DESKTOP-3CCKGNL" failures="0" tests="2" name="tests.TestLanguageAndNotifications" time="13.425" errors="0" timestamp="07 jun 2021 21:03:29 GMT" skipped="0">
  <testcase classname="tests.TestLanguageAndNotifications" name="testChangeLanguage" time="11.381"/>
  <testcase classname="tests.TestLanguageAndNotifications" name="uncheckNotifications" time="2.044"/>
</testsuite> <!-- tests.TestLanguageAndNotifications -->
