<?xml version="1.0" encoding="UTF-8"?>
<!-- Generated by org.testng.reporters.JUnitReportReporter -->
<testsuite hostname="DESKTOP-3CCKGNL" failures="0" tests="2" name="tests.TempTests" time="12.161" errors="0" timestamp="03 jun 2021 20:59:50 GMT" skipped="0">
  <testcase classname="tests.TempTests" name="testAboutUs" time="5.480"/>
  <testcase classname="tests.TempTests" name="testHomePage" time="6.681"/>
</testsuite> <!-- tests.TempTests -->
