<?xml version="1.0" encoding="UTF-8"?>
<!-- Generated by org.testng.reporters.JUnitReportReporter -->
<testsuite hostname="DESKTOP-3CCKGNL" failures="0" tests="2" name="tests.TempTests" time="12.857" errors="0" timestamp="07 jun 2021 20:58:05 GMT" skipped="0">
  <testcase classname="tests.TempTests" name="testChangeLanguage" time="10.860"/>
  <testcase classname="tests.TempTests" name="uncheckNotifications" time="1.997"/>
</testsuite> <!-- tests.TempTests -->
