<?xml version="1.0" encoding="UTF-8"?>
<!-- Generated by org.testng.reporters.JUnitReportReporter -->
<testsuite hostname="DESKTOP-3CCKGNL" failures="0" tests="2" name="tests.TestAboutUsAndLogin" time="9.798" errors="0" timestamp="08 jun 2021 17:26:13 GMT" skipped="0">
  <testcase classname="tests.TestAboutUsAndLogin" name="testAboutUs" time="6.058"/>
  <testcase classname="tests.TestAboutUsAndLogin" name="testHomePage" time="3.740"/>
</testsuite> <!-- tests.TestAboutUsAndLogin -->
