<?xml version="1.0" encoding="UTF-8"?>
<!-- Generated by org.testng.reporters.JUnitReportReporter -->
<testsuite hostname="DESKTOP-3CCKGNL" failures="0" tests="1" name="objects.ProfileSettings" time="7.498" errors="0" timestamp="08 jun 2021 17:10:30 GMT" skipped="0">
  <testcase classname="objects.ProfileSettings" name="editSettings" time="7.498"/>
</testsuite> <!-- objects.ProfileSettings -->
