<?xml version="1.0" encoding="UTF-8"?>
<!-- Generated by org.testng.reporters.JUnitReportReporter -->
<testsuite hostname="DESKTOP-3CCKGNL" failures="0" tests="1" name="tests.TestHeader" time="15.011" errors="0" timestamp="04 jun 2021 20:09:22 GMT" skipped="0">
  <testcase classname="tests.TestHeader" name="testHomePage" time="15.011"/>
</testsuite> <!-- tests.TestHeader -->
