<?xml version="1.0" encoding="UTF-8"?>
<!-- Generated by org.testng.reporters.JUnitReportReporter -->
<testsuite hostname="DESKTOP-3CCKGNL" failures="0" tests="1" name="objects.EditSettings" time="6.806" errors="0" timestamp="08 jun 2021 16:32:20 GMT" skipped="0">
  <testcase classname="objects.EditSettings" name="editSettings" time="6.806"/>
</testsuite> <!-- objects.EditSettings -->
