<?xml version="1.0" encoding="UTF-8"?>
<!-- Generated by org.testng.reporters.JUnitReportReporter -->
<testsuite hostname="DESKTOP-3CCKGNL" failures="0" tests="1" name="tests.TestAddStaffList" time="20.501" errors="0" timestamp="07 jun 2021 18:59:40 GMT" skipped="0">
  <testcase classname="tests.TestAddStaffList" name="testAddStaffList" time="20.501"/>
</testsuite> <!-- tests.TestAddStaffList -->
