<?xml version="1.0" encoding="UTF-8"?>
<!-- Generated by org.testng.reporters.JUnitReportReporter -->
<testsuite hostname="DESKTOP-3CCKGNL" failures="0" tests="1" name="tests.TestHeader" time="10.874" errors="0" timestamp="08 jun 2021 16:40:05 GMT" skipped="0">
  <testcase classname="tests.TestHeader" name="testHomePage" time="10.874"/>
</testsuite> <!-- tests.TestHeader -->
