<?xml version="1.0" encoding="UTF-8"?>
<!-- Generated by org.testng.reporters.JUnitReportReporter -->
<testsuite hostname="DESKTOP-3CCKGNL" failures="0" tests="1" name="tests.TestAddStaffAndRename" time="20.359" errors="0" timestamp="07 jun 2021 21:04:48 GMT" skipped="0">
  <testcase classname="tests.TestAddStaffAndRename" name="testAddStaffAndRename" time="20.359"/>
</testsuite> <!-- tests.TestAddStaffAndRename -->
