<?xml version="1.0" encoding="UTF-8"?>
<!-- Generated by org.testng.reporters.JUnitReportReporter -->
<testsuite hostname="DESKTOP-3CCKGNL" failures="0" tests="1" name="tests.TestAddStaffList" time="19.069" errors="0" timestamp="08 jun 2021 16:40:36 GMT" skipped="0">
  <testcase classname="tests.TestAddStaffList" name="testAddStaffList" time="19.069"/>
</testsuite> <!-- tests.TestAddStaffList -->
